<?xml version="1.0" encoding="UTF-8"?>
<!-- Generated by org.testng.reporters.JUnitXMLReporter -->
<testsuite ignored="0" hostname="DESKTOP-GKFK12K" failures="0" tests="2" name="SmokeTest" time="84.435" errors="0" timestamp="2022-11-02T14:07:26 IST">
  <testcase classname="testClasses.AlltestCasesCombo" name="TC01_VerifyLoginFunctionality" time="11.408"/>
  <testcase classname="testClasses.AlltestCasesCombo" name="TC02_VerifyLogoutFunctionality" time="9.421"/>
</testsuite> <!-- SmokeTest -->
